<?xml version="1.0" encoding="UTF-8"?>
<!-- Generated by org.testng.reporters.JUnitReportReporter -->
<testsuite hostname="DESKTOP-0MSRDS7" failures="0" tests="5" name="OHRMApplicaionTesting.OrangeHRMApplication_TAB_ENTER_KeyOperations" time="15.970" errors="0" timestamp="2023-01-10T00:57:17 GMT-08:00" skipped="0">
  <testcase classname="OHRMApplicaionTesting.OrangeHRMApplication_TAB_ENTER_KeyOperations" name="logInPageValidation" time="0.040"/>
  <system-out/>
  <testcase classname="OHRMApplicaionTesting.OrangeHRMApplication_TAB_ENTER_KeyOperations" name="logInPageUrlValidation" time="0.014"/>
  <system-out/>
  <testcase classname="OHRMApplicaionTesting.OrangeHRMApplication_TAB_ENTER_KeyOperations" name="pim_AddEmployee" time="1.126"/>
  <system-out/>
  <testcase classname="OHRMApplicaionTesting.OrangeHRMApplication_TAB_ENTER_KeyOperations" name="logInFunctionalityTest" time="2.610"/>
  <system-out/>
  <testcase classname="OHRMApplicaionTesting.OrangeHRMApplication_TAB_ENTER_KeyOperations" name="creatingNewEmployee" time="12.180"/>
  <system-out/>
</testsuite> <!-- OHRMApplicaionTesting.OrangeHRMApplication_TAB_ENTER_KeyOperations -->
