<?xml version="1.0" encoding="UTF-8"?>
<!-- Generated by org.testng.reporters.JUnitReportReporter -->
<testsuite hostname="DESKTOP-0MSRDS7" failures="0" tests="2" name="OHRMApplicaionTesting.OrangeHRM_LogInTest" time="3.638" errors="0" timestamp="2023-01-09T09:50:41 GMT-08:00" skipped="0">
  <testcase classname="OHRMApplicaionTesting.OrangeHRM_LogInTest" name="logInFunctionalityTest" time="3.586"/>
  <system-out/>
  <testcase classname="OHRMApplicaionTesting.OrangeHRM_LogInTest" name="logInPageValidation" time="0.052"/>
  <system-out/>
</testsuite> <!-- OHRMApplicaionTesting.OrangeHRM_LogInTest -->
