<?xml version="1.0" encoding="UTF-8"?>
<!-- Generated by org.testng.reporters.JUnitReportReporter -->
<testsuite hostname="DESKTOP-0MSRDS7" failures="0" tests="1" name="com.RadioButtonTesting.RadioButtonTest" time="16.529" errors="0" timestamp="2023-01-11T20:35:34 GMT-08:00" skipped="0">
  <testcase classname="com.RadioButtonTesting.RadioButtonTest" name="radioButtonsTest" time="16.529"/>
  <system-out/>
</testsuite> <!-- com.RadioButtonTesting.RadioButtonTest -->
