<?xml version="1.0" encoding="UTF-8"?>
<!-- Generated by org.testng.reporters.JUnitReportReporter -->
<testsuite hostname="DESKTOP-0MSRDS7" failures="0" tests="4" name="com.TestNG.TestNGExample1" time="0.037" errors="0" timestamp="2023-01-18T06:53:59 GMT-08:00" skipped="1">
  <testcase classname="com.TestNG.TestNGExample1" name="gmailApplicationLaunch" time="0.030"/>
  <system-out/>
  <testcase classname="com.TestNG.TestNGExample1" name="gmailInBoxTest" time="0.006"/>
  <system-out/>
  <testcase classname="com.TestNG.TestNGExample1" name="gmailSentMailTest" time="0.001"/>
  <system-out/>
  <testcase classname="com.TestNG.TestNGExample1" name="gmailComposeMailTest">
    <skipped/>
  </testcase> <!-- gmailComposeMailTest -->
  <system-out/>
</testsuite> <!-- com.TestNG.TestNGExample1 -->
