<?xml version="1.0" encoding="UTF-8"?>
<!-- Generated by org.testng.reporters.JUnitReportReporter -->
<testsuite hostname="DESKTOP-0MSRDS7" failures="0" tests="3" name="com.TestNG_Serial_Parallel.OrangeHRM_LogInTest" time="12.180" errors="0" timestamp="2023-01-21T07:20:02 GMT-08:00" skipped="0">
  <testcase classname="com.TestNG_Serial_Parallel.OrangeHRM_LogInTest" name="logInPageValidation" time="0.047"/>
  <system-out/>
  <testcase classname="com.TestNG_Serial_Parallel.OrangeHRM_LogInTest" name="logInPageUrlValidation" time="0.022"/>
  <system-out/>
  <testcase classname="com.TestNG_Serial_Parallel.OrangeHRM_LogInTest" name="logInFunctionalityTest" time="12.111"/>
  <system-out/>
</testsuite> <!-- com.TestNG_Serial_Parallel.OrangeHRM_LogInTest -->
